{
  "stats": {
    "suites": 1,
    "tests": 1,
    "passes": 1,
    "pending": 0,
    "failures": 0,
    "start": "2023-12-07T00:31:48.040Z",
    "end": "2023-12-07T00:31:50.512Z",
    "duration": 2472,
    "testsRegistered": 1,
    "passPercent": 100,
    "pendingPercent": 0,
    "other": 0,
    "hasOther": false,
    "skipped": 0,
    "hasSkipped": false
  },
  "results": [
    {
      "uuid": "0833ac90-3147-4f0a-b153-ae1bb256e609",
      "title": "",
      "fullFile": "",
      "file": "",
      "beforeHooks": [],
      "afterHooks": [],
      "tests": [],
      "suites": [
        {
          "uuid": "fadc8463-0403-4f1d-8a78-fa2baab9e1ed",
          "title": "Prueba de Login",
          "fullFile": "C:\\Users\\admin\\Desktop\\testing\\test.js",
          "file": "\\test.js",
          "beforeHooks": [
            {
              "title": "\"before all\" hook in \"Prueba de Login\"",
              "fullTitle": "Prueba de Login \"before all\" hook in \"Prueba de Login\"",
              "timedOut": null,
              "duration": 987,
              "state": null,
              "speed": null,
              "pass": false,
              "fail": false,
              "pending": null,
              "context": null,
              "code": "driver = await new Builder().forBrowser('chrome').build();",
              "err": {},
              "uuid": "5509b09c-4f09-49f6-b5d8-3a1a8daf6a1e",
              "parentUUID": null,
              "isHook": true,
              "skipped": false
            }
          ],
          "afterHooks": [
            {
              "title": "\"after all\" hook in \"Prueba de Login\"",
              "fullTitle": "Prueba de Login \"after all\" hook in \"Prueba de Login\"",
              "timedOut": null,
              "duration": 60,
              "state": null,
              "speed": null,
              "pass": false,
              "fail": false,
              "pending": null,
              "context": null,
              "code": "await driver.quit();",
              "err": {},
              "uuid": "8a8c899e-4001-4986-8122-55e1acc1aaf6",
              "parentUUID": null,
              "isHook": true,
              "skipped": false
            }
          ],
          "tests": [
            {
              "title": "Iniciar sesión",
              "fullTitle": "Prueba de Login Iniciar sesión",
              "timedOut": null,
              "duration": 1071,
              "state": "passed",
              "speed": "slow",
              "pass": true,
              "fail": false,
              "pending": false,
              "context": null,
              "code": "try {\n  await driver.get('https://www.saucedemo.com/');  \n  await driver.findElement(By.id('user-name')).sendKeys('standard_user');\n  await driver.findElement(By.css('#password')).sendKeys('secret_sauce');\n  await driver.findElement(By.css('[data-test=\"login-button\"]')).click();\n  await driver.wait(until.titleIs('Swag Labs'), 5000);\n} catch (error) {\n  // Capturar error y tomar captura de pantalla\n  await takeScreenshot('success_screenshot.png');\n  throw error;\n}",
              "err": {},
              "uuid": "cc606a12-206f-401f-9812-ba26bb1a5acb",
              "parentUUID": null,
              "isHook": false,
              "skipped": false
            }
          ],
          "suites": [],
          "passes": [
            "cc606a12-206f-401f-9812-ba26bb1a5acb"
          ],
          "failures": [],
          "pending": [],
          "skipped": [],
          "duration": 1071,
          "root": false,
          "rootEmpty": false,
          "_timeout": null
        },
        {
          "uuid": "9e76f77c-b336-4bd5-aef2-80cb04506c20",
          "title": "Prueba de Login",
          "fullFile": "C:\\Users\\admin\\Desktop\\testing\\test.js",
          "file": "\\test.js",
          "beforeHooks": [],
          "afterHooks": [
            {
              "title": "\"after all\" hook",
              "fullTitle": "Prueba de Login \"after all\" hook",
              "timedOut": null,
              "duration": 0,
              "state": null,
              "speed": null,
              "pass": false,
              "fail": false,
              "pending": null,
              "context": null,
              "code": "await driver.quit();\nlogger.addContext({ title: 'Capturas de pantallas', value: 'success_screenshot.png' });\nlogger.attachScreenshot('success_screenshot.png');\nlogger.generateReport();",
              "err": {},
              "uuid": "3597f525-3784-4a0b-a55f-7c7b0b253009",
              "parentUUID": null,
              "isHook": true,
              "skipped": false
            }
          ],
          "tests": [],
          "suites": [],
          "passes": [],
          "failures": [],
          "pending": [],
          "skipped": [],
          "duration": 0,
          "root": false,
          "rootEmpty": false,
          "_timeout": null
        }
      ],
      "passes": [],
      "failures": [],
      "pending": [],
      "skipped": [],
      "duration": 0,
      "root": true,
      "rootEmpty": true,
      "_timeout": 0
    }
  ],
  "meta": {
    "mocha": {
      "version": "10.2.0"
    },
    "mochawesome": {
      "options": {
        "quiet": false,
        "reportFilename": "mochawesome",
        "saveHtml": true,
        "saveJson": true,
        "consoleReporter": "spec",
        "useInlineDiffs": false,
        "code": true
      },
      "version": "7.1.3"
    },
    "marge": {
      "options": null,
      "version": "6.2.0"
    }
  }
}